platforms/android/build/outputs/logs/manifest-merger-debug-report.txt
-- Merging decision tree log ---
manifest
ADDED from platforms/android/AndroidManifest.xml:2:1-29:12
	package
		ADDED from platforms/android/AndroidManifest.xml:2:102-129
		INJECTED from platforms/android/AndroidManifest.xml
		INJECTED from platforms/android/AndroidManifest.xml
	android:versionName
		ADDED from platforms/android/AndroidManifest.xml:2:74-101
		INJECTED from platforms/android/AndroidManifest.xml
		INJECTED from platforms/android/AndroidManifest.xml
	android:hardwareAccelerated
		ADDED from platforms/android/AndroidManifest.xml:2:11-45
	android:versionCode
		ADDED from platforms/android/AndroidManifest.xml:2:46-73
		INJECTED from platforms/android/AndroidManifest.xml
		INJECTED from platforms/android/AndroidManifest.xml
	xmlns:android
		ADDED from platforms/android/AndroidManifest.xml:2:130-188
supports-screens
ADDED from platforms/android/AndroidManifest.xml:3:5-191
	android:largeScreens
		ADDED from platforms/android/AndroidManifest.xml:3:49-76
	android:smallScreens
		ADDED from platforms/android/AndroidManifest.xml:3:132-159
	android:normalScreens
		ADDED from platforms/android/AndroidManifest.xml:3:77-105
	android:xlargeScreens
		ADDED from platforms/android/AndroidManifest.xml:3:160-188
	android:resizeable
		ADDED from platforms/android/AndroidManifest.xml:3:106-131
	android:anyDensity
		ADDED from platforms/android/AndroidManifest.xml:3:23-48
uses-permission#android.permission.INTERNET
ADDED from platforms/android/AndroidManifest.xml:4:5-67
	android:name
		ADDED from platforms/android/AndroidManifest.xml:4:22-64
application
ADDED from platforms/android/AndroidManifest.xml:5:5-15:19
MERGED from [com.facebook.android:facebook-android-sdk:4.14.1] AndroidManifest.xml:28:5-37:19
MERGED from [com.android.support:customtabs:23.4.0] AndroidManifest.xml:22:5-20
MERGED from [com.android.support:support-v4:23.4.0] AndroidManifest.xml:22:5-20
MERGED from [com.android.support:cardview-v7:23.4.0] AndroidManifest.xml:22:5-20
	android:label
		ADDED from platforms/android/AndroidManifest.xml:5:81-113
	android:supportsRtl
		ADDED from platforms/android/AndroidManifest.xml:5:114-140
	android:hardwareAccelerated
		ADDED from platforms/android/AndroidManifest.xml:5:18-52
	android:icon
		ADDED from platforms/android/AndroidManifest.xml:5:53-80
activity#com.ronetz.mlejob.MainActivity
ADDED from platforms/android/AndroidManifest.xml:6:9-11:20
	android:label
		ADDED from platforms/android/AndroidManifest.xml:6:97-134
	android:launchMode
		ADDED from platforms/android/AndroidManifest.xml:6:135-165
	android:windowSoftInputMode
		ADDED from platforms/android/AndroidManifest.xml:6:257-299
	android:configChanges
		ADDED from platforms/android/AndroidManifest.xml:6:19-96
	android:theme
		ADDED from platforms/android/AndroidManifest.xml:6:194-256
	android:name
		ADDED from platforms/android/AndroidManifest.xml:6:166-193
intent-filter#android.intent.action.MAIN+android.intent.category.LAUNCHER
ADDED from platforms/android/AndroidManifest.xml:7:13-10:29
	android:label
		ADDED from platforms/android/AndroidManifest.xml:7:28-65
action#android.intent.action.MAIN
ADDED from platforms/android/AndroidManifest.xml:8:17-69
	android:name
		ADDED from platforms/android/AndroidManifest.xml:8:25-66
category#android.intent.category.LAUNCHER
ADDED from platforms/android/AndroidManifest.xml:9:17-77
	android:name
		ADDED from platforms/android/AndroidManifest.xml:9:27-74
meta-data#com.facebook.sdk.ApplicationId
ADDED from platforms/android/AndroidManifest.xml:12:9-102
	android:value
		ADDED from platforms/android/AndroidManifest.xml:12:66-99
	android:name
		ADDED from platforms/android/AndroidManifest.xml:12:20-65
meta-data#com.facebook.sdk.ApplicationName
ADDED from platforms/android/AndroidManifest.xml:13:9-106
	android:value
		ADDED from platforms/android/AndroidManifest.xml:13:68-103
	android:name
		ADDED from platforms/android/AndroidManifest.xml:13:20-67
activity#com.facebook.FacebookActivity
ADDED from platforms/android/AndroidManifest.xml:14:9-246
MERGED from [com.facebook.android:facebook-android-sdk:4.14.1] AndroidManifest.xml:29:9-32:75
	android:label
		ADDED from platforms/android/AndroidManifest.xml:14:103-138
	android:configChanges
		ADDED from platforms/android/AndroidManifest.xml:14:19-102
	android:theme
		ADDED from platforms/android/AndroidManifest.xml:14:184-243
	android:name
		ADDED from platforms/android/AndroidManifest.xml:14:139-183
uses-sdk
ADDED from platforms/android/AndroidManifest.xml:16:5-74
MERGED from [com.facebook.android:facebook-android-sdk:4.14.1] AndroidManifest.xml:24:5-26:41
MERGED from [com.android.support:customtabs:23.4.0] AndroidManifest.xml:20:5-44
MERGED from [com.android.support:support-v4:23.4.0] AndroidManifest.xml:20:5-43
MERGED from [com.android.support:cardview-v7:23.4.0] AndroidManifest.xml:20:5-43
MERGED from [android:CordovaLib:unspecified:debug] AndroidManifest.xml:25:5-44
	android:targetSdkVersion
		ADDED from platforms/android/AndroidManifest.xml:16:42-71
	android:minSdkVersion
		ADDED from platforms/android/AndroidManifest.xml:16:15-41
uses-permission#android.permission.WRITE_EXTERNAL_STORAGE
ADDED from platforms/android/AndroidManifest.xml:17:5-81
	android:name
		ADDED from platforms/android/AndroidManifest.xml:17:22-78
uses-permission#android.permission.READ_CONTACTS
ADDED from platforms/android/AndroidManifest.xml:18:5-72
	android:name
		ADDED from platforms/android/AndroidManifest.xml:18:22-69
uses-permission#android.permission.WRITE_CONTACTS
ADDED from platforms/android/AndroidManifest.xml:19:5-73
	android:name
		ADDED from platforms/android/AndroidManifest.xml:19:22-70
uses-permission#android.permission.GET_ACCOUNTS
ADDED from platforms/android/AndroidManifest.xml:20:5-71
	android:name
		ADDED from platforms/android/AndroidManifest.xml:20:22-68
uses-permission#android.permission.ACCESS_COARSE_LOCATION
ADDED from platforms/android/AndroidManifest.xml:21:5-81
	android:name
		ADDED from platforms/android/AndroidManifest.xml:21:22-78
uses-permission#android.permission.ACCESS_FINE_LOCATION
ADDED from platforms/android/AndroidManifest.xml:22:5-79
	android:name
		ADDED from platforms/android/AndroidManifest.xml:22:22-76
uses-permission#android.permission.RECORD_AUDIO
ADDED from platforms/android/AndroidManifest.xml:23:5-71
	android:name
		ADDED from platforms/android/AndroidManifest.xml:23:22-68
uses-permission#android.permission.MODIFY_AUDIO_SETTINGS
ADDED from platforms/android/AndroidManifest.xml:24:5-80
	android:name
		ADDED from platforms/android/AndroidManifest.xml:24:22-77
uses-permission#android.permission.READ_PHONE_STATE
ADDED from platforms/android/AndroidManifest.xml:25:5-75
	android:name
		ADDED from platforms/android/AndroidManifest.xml:25:22-72
uses-permission#android.permission.RECORD_VIDEO
ADDED from platforms/android/AndroidManifest.xml:26:5-71
	android:name
		ADDED from platforms/android/AndroidManifest.xml:26:22-68
uses-permission#android.permission.ACCESS_NETWORK_STATE
ADDED from platforms/android/AndroidManifest.xml:27:5-79
	android:name
		ADDED from platforms/android/AndroidManifest.xml:27:22-76
uses-permission#android.permission.VIBRATE
ADDED from platforms/android/AndroidManifest.xml:28:5-66
	android:name
		ADDED from platforms/android/AndroidManifest.xml:28:22-63
activity#com.facebook.CustomTabActivity
ADDED from [com.facebook.android:facebook-android-sdk:4.14.1] AndroidManifest.xml:33:9-36:20
	android:exported
		ADDED from [com.facebook.android:facebook-android-sdk:4.14.1] AndroidManifest.xml:35:13-36
	android:name
		ADDED from [com.facebook.android:facebook-android-sdk:4.14.1] AndroidManifest.xml:34:13-58